0 info it worked if it ends with ok
1 verbose cli [ '/usr/local/Cellar/node/7.7.2/bin/node',
1 verbose cli   '/usr/local/bin/npm',
1 verbose cli   'run',
1 verbose cli   'dev' ]
2 info using npm@3.10.2
3 info using node@v7.7.2
4 verbose run-script [ 'predev', 'dev', 'postdev' ]
5 info lifecycle bubble-team-official-site@1.0.0~predev: bubble-team-official-site@1.0.0
6 silly lifecycle bubble-team-official-site@1.0.0~predev: no script for predev, continuing
7 info lifecycle bubble-team-official-site@1.0.0~dev: bubble-team-official-site@1.0.0
8 verbose lifecycle bubble-team-official-site@1.0.0~dev: unsafe-perm in lifecycle true
9 verbose lifecycle bubble-team-official-site@1.0.0~dev: PATH: /usr/local/lib/node_modules/npm/bin/node-gyp-bin:/Users/Ame/localhost/bubbleteam/officialSite/node_modules/.bin:/usr/local/Cellar/node/7.7.2/bin:/usr/local/bin:/usr/bin:/bin:/usr/sbin:/sbin
10 verbose lifecycle bubble-team-official-site@1.0.0~dev: CWD: /Users/Ame/localhost/bubbleteam/officialSite
11 silly lifecycle bubble-team-official-site@1.0.0~dev: Args: [ '-c', 'cross-env NODE_ENV=development run-p build start' ]
12 silly lifecycle bubble-team-official-site@1.0.0~dev: Returned: code: 1  signal: null
13 info lifecycle bubble-team-official-site@1.0.0~dev: Failed to exec dev script
14 verbose stack Error: bubble-team-official-site@1.0.0 dev: `cross-env NODE_ENV=development run-p build start`
14 verbose stack Exit status 1
14 verbose stack     at EventEmitter.<anonymous> (/usr/local/lib/node_modules/npm/lib/utils/lifecycle.js:242:16)
14 verbose stack     at emitTwo (events.js:106:13)
14 verbose stack     at EventEmitter.emit (events.js:194:7)
14 verbose stack     at ChildProcess.<anonymous> (/usr/local/lib/node_modules/npm/lib/utils/spawn.js:40:14)
14 verbose stack     at emitTwo (events.js:106:13)
14 verbose stack     at ChildProcess.emit (events.js:194:7)
14 verbose stack     at maybeClose (internal/child_process.js:899:16)
14 verbose stack     at Process.ChildProcess._handle.onexit (internal/child_process.js:226:5)
15 verbose pkgid bubble-team-official-site@1.0.0
16 verbose cwd /Users/Ame/localhost/bubbleteam/officialSite/backend
17 error Darwin 16.6.0
18 error argv "/usr/local/Cellar/node/7.7.2/bin/node" "/usr/local/bin/npm" "run" "dev"
19 error node v7.7.2
20 error npm  v3.10.2
21 error code ELIFECYCLE
22 error bubble-team-official-site@1.0.0 dev: `cross-env NODE_ENV=development run-p build start`
22 error Exit status 1
23 error Failed at the bubble-team-official-site@1.0.0 dev script 'cross-env NODE_ENV=development run-p build start'.
23 error Make sure you have the latest version of node.js and npm installed.
23 error If you do, this is most likely a problem with the bubble-team-official-site package,
23 error not with npm itself.
23 error Tell the author that this fails on your system:
23 error     cross-env NODE_ENV=development run-p build start
23 error You can get information on how to open an issue for this project with:
23 error     npm bugs bubble-team-official-site
23 error Or if that isn't available, you can get their info via:
23 error     npm owner ls bubble-team-official-site
23 error There is likely additional logging output above.
24 verbose exit [ 1, true ]
